<?xml version="1.0" encoding="UTF-8"?>
<testsuite name="com.linkedlistimplementation.MyLinkedListTest" tests="9" skipped="0" failures="0" errors="0" timestamp="2021-05-06T06:50:40" hostname="HACKERNAMAN" time="0.032">
  <properties/>
  <testcase name="given3NumberWhenInsertingInBetweenShouldPassLinkedListTest()" classname="com.linkedlistimplementation.MyLinkedListTest" time="0.017"/>
  <testcase name="given3NumberWhenDeletingAnElementShouldPassLinkedListTest()" classname="com.linkedlistimplementation.MyLinkedListTest" time="0.005"/>
  <testcase name="given3NumberWhenSearchForAnElementShouldReturnElement()" classname="com.linkedlistimplementation.MyLinkedListTest" time="0.003"/>
  <testcase name="given3NumberWhenLinkedShouldPassLinkedListTest()" classname="com.linkedlistimplementation.MyLinkedListTest" time="0.001"/>
  <testcase name="given3NumberWhenDeletedFirstElementShouldReturnFirstElement()" classname="com.linkedlistimplementation.MyLinkedListTest" time="0.001"/>
  <testcase name="given3NumberWhenAppendedToLinkedShouldBeAddedToBottom()" classname="com.linkedlistimplementation.MyLinkedListTest" time="0.0"/>
  <testcase name="given3NumberWhenInsertingAfterAnElementShouldPassLinkedListTest()" classname="com.linkedlistimplementation.MyLinkedListTest" time="0.001"/>
  <testcase name="given3NumberWhenAddedToLinkedShouldBeAddedToTop()" classname="com.linkedlistimplementation.MyLinkedListTest" time="0.001"/>
  <testcase name="given3NumberWhenDeletedLastElementShouldReturnLastElement()" classname="com.linkedlistimplementation.MyLinkedListTest" time="0.001"/>
  <system-out><![CDATA[My List is : 56->30->70
Element is present
Element deleted
Size : 3
My List is : 56->30->70
Element is present
Searched key : 30
My List is : 56->30->70
Deleted element is :56
After deleting first element, My List is : 30->70
My List is : 56->30->70
Element is present
Element inserted
Element is present
My List is : 56->30->40->70
My List is : 56->30->70
Deleted element is :70
After deleting last element, My List is : 56->30
]]></system-out>
  <system-err><![CDATA[]]></system-err>
</testsuite>
