<?xml version="1.0" encoding="UTF-8"?>
<testsuite name="com.linkedlistimplementation.MyLinkedListTest" tests="4" skipped="0" failures="0" errors="0" timestamp="2021-05-06T05:30:29" hostname="HACKERNAMAN" time="0.037">
  <properties/>
  <testcase name="given3NumberWhenLinkedShouldPassLinkedListTest()" classname="com.linkedlistimplementation.MyLinkedListTest" time="0.026"/>
  <testcase name="given3NumberWhenAppendedToLinkedShouldBeAddedToBottom()" classname="com.linkedlistimplementation.MyLinkedListTest" time="0.005"/>
  <testcase name="given3NumberWhenInseringInBetweenShouldPassLinkedListTest()" classname="com.linkedlistimplementation.MyLinkedListTest" time="0.001"/>
  <testcase name="given3NumberWhenAddedToLinkedShouldBeAddedToTop()" classname="com.linkedlistimplementation.MyLinkedListTest" time="0.001"/>
  <system-out><![CDATA[My List is :
56->30->70
My List is :
56->30->70
My List is :
56->30->70
]]></system-out>
  <system-err><![CDATA[]]></system-err>
</testsuite>
