<?xml version="1.0" encoding="UTF-8"?>
<testsuite name="com.linkedlistimplementation.MyLinkedListTest" tests="1" skipped="0" failures="0" errors="0" timestamp="2021-05-06T06:34:34" hostname="HACKERNAMAN" time="0.014">
  <properties/>
  <testcase name="given3NumberWhenDeletedLastElementShouldReturnLastElement()" classname="com.linkedlistimplementation.MyLinkedListTest" time="0.014"/>
  <system-out><![CDATA[Deleted element is :70
After deleting last element, My List is : 56->30
]]></system-out>
  <system-err><![CDATA[]]></system-err>
</testsuite>
