<?xml version="1.0" encoding="UTF-8"?>
<testsuite name="com.linkedlistimplementation.MyLinkedListTest" tests="3" skipped="0" failures="0" errors="0" timestamp="2021-05-06T04:54:33" hostname="HACKERNAMAN" time="0.022">
  <properties/>
  <testcase name="given3NumberWhenLinkedShouldPassLinkedListTest()" classname="com.linkedlistimplementation.MyLinkedListTest" time="0.016"/>
  <testcase name="given3NumberWhenAppendedToLinkedShouldBeAddedToBottom()" classname="com.linkedlistimplementation.MyLinkedListTest" time="0.004"/>
  <testcase name="given3NumberWhenAddedToLinkedShouldBeAddedToTop()" classname="com.linkedlistimplementation.MyLinkedListTest" time="0.001"/>
  <system-out><![CDATA[My List is :
56->30->70
My List is :
56->30->70
]]></system-out>
  <system-err><![CDATA[]]></system-err>
</testsuite>
